
> ultima-react@10.1.0 dev
> vite --host 127.0.0.1


  [32m[1mVITE[22m v4.5.14[39m  [2mready in [0m[1m795[22m[2m[0m ms[22m

  [32m➜[39m  [1mLocal[22m:   [36mhttp://127.0.0.1:[1m5173[22m/[39m
[2m[32m  ➜[39m[22m[2m  press [22m[1mh[22m[2m to show help[22m
[2m9:31:46 am[22m [36m[1m[vite][22m[39m [32mhmr update [39m[2m/src/lib/auth/guards.tsx[22m
[2m9:32:12 am[22m [36m[1m[vite][22m[39m [32mhmr update [39m[2m/src/pages/(main)/dashboard-redirect/page.tsx[22m
[2m9:32:35 am[22m [36m[1m[vite][22m[39m [32mhmr update [39m[2m/src/pages/(full-page)/auth/login/page.tsx[22m
[2m9:32:47 am[22m [36m[1m[vite][22m[39m [32mhmr update [39m[2m/src/lib/auth/context.tsx[22m
[2m9:32:47 am[22m [36m[1m[vite][22m[39m [33mhmr invalidate [39m[2m/src/lib/auth/context.tsx[22m Could not Fast Refresh ("useAuth" export is incompatible). Learn more at https://github.com/vitejs/vite-plugin-react/tree/main/packages/plugin-react-swc#consistent-components-exports
[2m9:32:47 am[22m [36m[1m[vite][22m[39m [32mhmr update [39m[2m/src/AppProviders.tsx, /src/components/TenantApolloCacheGuard.tsx, /src/lib/auth/guards.tsx, /src/layout/context/layoutcontext.tsx, /src/layout/AppTopbar.tsx, /src/layout/AppFooter.tsx, /src/layout/AppMenu.tsx, /src/layout/AppMenuProfile.tsx, /src/pages/(full-page)/auth/login/page.tsx, /src/pages/(main)/dashboard-redirect/page.tsx, /src/pages/(main)/apps/wealth/statements/pack/page.tsx[22m
[2m9:32:47 am[22m [36m[1m[vite][22m[39m [33mhmr invalidate [39m[2m/src/layout/context/layoutcontext.tsx[22m Could not Fast Refresh ("LayoutContext" export is incompatible). Learn more at https://github.com/vitejs/vite-plugin-react/tree/main/packages/plugin-react-swc#consistent-components-exports
[2m9:32:47 am[22m [36m[1m[vite][22m[39m [32mhmr update [39m[2m/src/AppProviders.tsx, /src/layout/layout.tsx, /src/layout/RouteTitleSync.tsx, /src/layout/AppConfig.tsx, /src/layout/AppRightMenu.tsx, /src/layout/AppSidebar.tsx, /src/layout/AppTopbar.tsx, /src/layout/AppMenuProfile.tsx, /src/layout/AppSubMenu.tsx, /src/layout/AppMenuitem.tsx, /src/pages/(main)/page.tsx[22m
[2m9:35:13 am[22m [36m[1m[vite][22m[39m [32mbackend\.env.example changed, restarting server...[39m
[2m9:35:13 am[22m [36m[1m[vite][22m[39m server restarted.
[2m9:38:07 am[22m [36m[1m[vite][22m[39m [32mhmr update [39m[2m/src/lib/auth/context.tsx[22m
[2m9:38:07 am[22m [36m[1m[vite][22m[39m [33mhmr invalidate [39m[2m/src/lib/auth/context.tsx[22m Could not Fast Refresh ("useAuth" export is incompatible). Learn more at https://github.com/vitejs/vite-plugin-react/tree/main/packages/plugin-react-swc#consistent-components-exports
[2m9:38:07 am[22m [36m[1m[vite][22m[39m [32mhmr update [39m[2m/src/AppProviders.tsx, /src/lib/auth/guards.tsx, /src/components/TenantApolloCacheGuard.tsx, /src/layout/context/layoutcontext.tsx, /src/layout/AppFooter.tsx, /src/layout/AppTopbar.tsx, /src/layout/AppMenu.tsx, /src/layout/AppMenuProfile.tsx, /src/pages/(full-page)/auth/login/page.tsx[22m
[2m9:38:08 am[22m [36m[1m[vite][22m[39m [33mhmr invalidate [39m[2m/src/layout/context/layoutcontext.tsx[22m Could not Fast Refresh ("LayoutContext" export is incompatible). Learn more at https://github.com/vitejs/vite-plugin-react/tree/main/packages/plugin-react-swc#consistent-components-exports
[2m9:38:08 am[22m [36m[1m[vite][22m[39m [32mhmr update [39m[2m/src/AppProviders.tsx, /src/layout/layout.tsx, /src/layout/RouteTitleSync.tsx, /src/layout/AppSidebar.tsx, /src/layout/AppRightMenu.tsx, /src/layout/AppConfig.tsx, /src/layout/AppTopbar.tsx, /src/layout/AppMenuProfile.tsx, /src/layout/AppSubMenu.tsx, /src/layout/AppMenuitem.tsx[22m
[2m9:47:02 am[22m [36m[1m[vite][22m[39m [32mhmr update [39m[2m/src/layout/context/layoutcontext.tsx[22m
[2m9:47:02 am[22m [36m[1m[vite][22m[39m [33mhmr invalidate [39m[2m/src/layout/context/layoutcontext.tsx[22m Could not Fast Refresh ("LayoutContext" export is incompatible). Learn more at https://github.com/vitejs/vite-plugin-react/tree/main/packages/plugin-react-swc#consistent-components-exports
[2m9:47:02 am[22m [36m[1m[vite][22m[39m [32mhmr update [39m[2m/src/AppProviders.tsx, /src/layout/layout.tsx, /src/layout/RouteTitleSync.tsx, /src/layout/AppSidebar.tsx, /src/layout/AppRightMenu.tsx, /src/layout/AppConfig.tsx, /src/layout/AppTopbar.tsx, /src/layout/AppMenuProfile.tsx, /src/layout/AppSubMenu.tsx, /src/layout/AppMenuitem.tsx[22m
[2m9:47:04 am[22m [36m[1m[vite][22m[39m [32mhmr update [39m[2m/src/layout/context/layoutcontext.tsx[22m
[2m9:47:04 am[22m [36m[1m[vite][22m[39m [33mhmr invalidate [39m[2m/src/layout/context/layoutcontext.tsx[22m Could not Fast Refresh ("LayoutContext" export is incompatible). Learn more at https://github.com/vitejs/vite-plugin-react/tree/main/packages/plugin-react-swc#consistent-components-exports
[2m9:47:04 am[22m [36m[1m[vite][22m[39m [32mhmr update [39m[2m/src/AppProviders.tsx, /src/layout/layout.tsx, /src/layout/RouteTitleSync.tsx, /src/layout/AppSidebar.tsx, /src/layout/AppRightMenu.tsx, /src/layout/AppConfig.tsx, /src/layout/AppTopbar.tsx, /src/layout/AppMenuProfile.tsx, /src/layout/AppSubMenu.tsx, /src/layout/AppMenuitem.tsx[22m
[2m9:53:05 am[22m [36m[1m[vite][22m[39m [32mhmr update [39m[2m/src/lib/auth/context.tsx[22m
[2m9:53:05 am[22m [36m[1m[vite][22m[39m [32mhmr update [39m[2m/src/layout/context/layoutcontext.tsx[22m
[2m9:53:06 am[22m [36m[1m[vite][22m[39m [33mhmr invalidate [39m[2m/src/layout/context/layoutcontext.tsx[22m Could not Fast Refresh ("LayoutContext" export is incompatible). Learn more at https://github.com/vitejs/vite-plugin-react/tree/main/packages/plugin-react-swc#consistent-components-exports
[2m9:53:06 am[22m [36m[1m[vite][22m[39m [32mhmr update [39m[2m/src/AppProviders.tsx, /src/layout/layout.tsx, /src/layout/RouteTitleSync.tsx, /src/layout/AppSidebar.tsx, /src/layout/AppRightMenu.tsx, /src/layout/AppConfig.tsx, /src/layout/AppTopbar.tsx, /src/layout/AppMenuProfile.tsx, /src/layout/AppSubMenu.tsx, /src/layout/AppMenuitem.tsx[22m
[2m9:53:06 am[22m [36m[1m[vite][22m[39m [33mhmr invalidate [39m[2m/src/lib/auth/context.tsx[22m Could not Fast Refresh ("useAuth" export is incompatible). Learn more at https://github.com/vitejs/vite-plugin-react/tree/main/packages/plugin-react-swc#consistent-components-exports
[2m9:53:06 am[22m [36m[1m[vite][22m[39m [32mhmr update [39m[2m/src/AppProviders.tsx, /src/lib/auth/guards.tsx, /src/components/TenantApolloCacheGuard.tsx, /src/layout/context/layoutcontext.tsx, /src/layout/AppFooter.tsx, /src/layout/AppTopbar.tsx, /src/layout/AppMenu.tsx, /src/layout/AppMenuProfile.tsx, /src/pages/(full-page)/auth/login/page.tsx, /src/pages/(main)/apps/wealth/statements/pack/page.tsx, /src/pages/(main)/apps/wealth/rollout/WealthRolloutView.tsx[22m
[2m9:53:06 am[22m [36m[1m[vite][22m[39m [33mhmr invalidate [39m[2m/src/layout/context/layoutcontext.tsx[22m Could not Fast Refresh ("LayoutContext" export is incompatible). Learn more at https://github.com/vitejs/vite-plugin-react/tree/main/packages/plugin-react-swc#consistent-components-exports
[2m9:53:06 am[22m [36m[1m[vite][22m[39m [32mhmr update [39m[2m/src/AppProviders.tsx, /src/layout/layout.tsx, /src/layout/RouteTitleSync.tsx, /src/layout/AppSidebar.tsx, /src/layout/AppRightMenu.tsx, /src/layout/AppConfig.tsx, /src/layout/AppTopbar.tsx, /src/layout/AppMenuProfile.tsx, /src/layout/AppSubMenu.tsx, /src/layout/AppMenuitem.tsx[22m
[2m10:06:04 am[22m [36m[1m[vite][22m[39m [32mhmr update [39m[2m/src/layout/AppMenuitem.tsx[22m
[2m10:14:52 am[22m [36m[1m[vite][22m[39m [32mhmr update [39m[2m/src/layout/AppMenuitem.tsx[22m
[2m10:22:06 am[22m [36m[1m[vite][22m[39m [32mhmr update [39m[2m/src/layout/AppMenu.tsx[22m
[2m10:22:39 am[22m [36m[1m[vite][22m[39m [32mhmr update [39m[2m/src/layout/AppMenu.tsx[22m
[2m10:23:07 am[22m [36m[1m[vite][22m[39m [32mhmr update [39m[2m/src/layout/AppMenu.tsx[22m
[2m11:33:02 am[22m [36m[1m[vite][22m[39m [32mhmr update [39m[2m/src/layout/RouteTitleSync.tsx[22m
[2m11:33:02 am[22m [36m[1m[vite][22m[39m [32mhmr update [39m[2m/src/layout/AppBreadCrumb.tsx[22m
[2m11:33:30 am[22m [36m[1m[vite][22m[39m [32mhmr update [39m[2m/src/layout/RouteTitleSync.tsx, /src/layout/AppBreadCrumb.tsx[22m
[2m11:34:06 am[22m [36m[1m[vite][22m[39m [32mhmr update [39m[2m/src/layout/RouteTitleSync.tsx, /src/layout/AppBreadCrumb.tsx[22m
[2m11:38:05 am[22m [36m[1m[vite][22m[39m [32mhmr update [39m[2m/src/layout/RouteTitleSync.tsx, /src/layout/AppBreadCrumb.tsx[22m
[2m11:57:25 am[22m [36m[1m[vite][22m[39m [32mhmr update [39m[2m/src/pages/(main)/apps/wealth/import/page.tsx[22m
